/apps/vcsmx/vcs/U-2023.03-SP2//bin/vcs: line 3783: lsb_release: command not found

Warning-[DEBUG_DEP] Option will be deprecated
  The option '-debug_all' will be deprecated in a future release.  Please use 
  '-debug_acc+all+dmptf -debug_region+cell+encrypt' instead.

                         Chronologic VCS (TM)
       Version U-2023.03-SP2_Full64 -- Mon Jul 28 10:32:31 2025

                    Copyright (c) 1991 - 2023 Synopsys, Inc.
   This software and the associated documentation are proprietary to Synopsys,
 Inc. This software may only be used in accordance with the terms and conditions
 of a written license agreement with Synopsys, Inc. All other use, reproduction,
   or distribution of this software is strictly prohibited.  Licensed Products
     communicate with Synopsys servers for the purpose of providing software
    updates, detecting software piracy and verifying that customers are using
    Licensed Products in conformity with the applicable License Key for such
  Licensed Products. Synopsys will use information gathered in connection with
    this process to deliver software updates and pursue software pirates and
                                   infringers.

 Inclusivity & Diversity - Visit SolvNetPlus to read the "Synopsys Statement on
            Inclusivity and Diversity" (Refer to article 000036315 at
                        https://solvnetplus.synopsys.com)


Warning-[DEBUG_DEP] Option will be deprecated
  The option '-debug_all' will be deprecated in a future release.  Please use 
  '-debug_acc+all -debug_region+cell+encrypt' instead.

Parsing design file '/apps/vcsmx/vcs/U-2023.03-SP2//etc/uvm-1.1/src/uvm.sv'
Parsing included file '/apps/vcsmx/vcs/U-2023.03-SP2//etc/uvm-1.1/src/uvm_pkg.sv'.
Parsing included file '/apps/vcsmx/vcs/U-2023.03-SP2//etc/uvm-1.1/src/uvm_macros.svh'.
Parsing included file '/apps/vcsmx/vcs/U-2023.03-SP2//etc/uvm-1.1/src/macros/uvm_version_defines.svh'.
Back to file '/apps/vcsmx/vcs/U-2023.03-SP2//etc/uvm-1.1/src/uvm_macros.svh'.
Parsing included file '/apps/vcsmx/vcs/U-2023.03-SP2//etc/uvm-1.1/src/macros/snps_macros.svp'.
Back to file '/apps/vcsmx/vcs/U-2023.03-SP2//etc/uvm-1.1/src/uvm_macros.svh'.
Parsing included file '/apps/vcsmx/vcs/U-2023.03-SP2//etc/uvm-1.1/src/macros/uvm_message_defines.svh'.
Back to file '/apps/vcsmx/vcs/U-2023.03-SP2//etc/uvm-1.1/src/uvm_macros.svh'.
Parsing included file '/apps/vcsmx/vcs/U-2023.03-SP2//etc/uvm-1.1/src/macros/uvm_phase_defines.svh'.
Back to file '/apps/vcsmx/vcs/U-2023.03-SP2//etc/uvm-1.1/src/uvm_macros.svh'.
Parsing included file '/apps/vcsmx/vcs/U-2023.03-SP2//etc/uvm-1.1/src/macros/uvm_object_defines.svh'.
Back to file '/apps/vcsmx/vcs/U-2023.03-SP2//etc/uvm-1.1/src/uvm_macros.svh'.
Parsing included file '/apps/vcsmx/vcs/U-2023.03-SP2//etc/uvm-1.1/src/macros/uvm_printer_defines.svh'.
Back to file '/apps/vcsmx/vcs/U-2023.03-SP2//etc/uvm-1.1/src/uvm_macros.svh'.
Parsing included file '/apps/vcsmx/vcs/U-2023.03-SP2//etc/uvm-1.1/src/macros/uvm_tlm_defines.svh'.
Parsing included file '/apps/vcsmx/vcs/U-2023.03-SP2//etc/uvm-1.1/src/tlm1/uvm_tlm_imps.svh'.
Back to file '/apps/vcsmx/vcs/U-2023.03-SP2//etc/uvm-1.1/src/macros/uvm_tlm_defines.svh'.
Back to file '/apps/vcsmx/vcs/U-2023.03-SP2//etc/uvm-1.1/src/uvm_macros.svh'.
Parsing included file '/apps/vcsmx/vcs/U-2023.03-SP2//etc/uvm-1.1/src/macros/uvm_sequence_defines.svh'.
Back to file '/apps/vcsmx/vcs/U-2023.03-SP2//etc/uvm-1.1/src/uvm_macros.svh'.
Parsing included file '/apps/vcsmx/vcs/U-2023.03-SP2//etc/uvm-1.1/src/macros/uvm_callback_defines.svh'.
Back to file '/apps/vcsmx/vcs/U-2023.03-SP2//etc/uvm-1.1/src/uvm_macros.svh'.
Parsing included file '/apps/vcsmx/vcs/U-2023.03-SP2//etc/uvm-1.1/src/macros/uvm_reg_defines.svh'.
Back to file '/apps/vcsmx/vcs/U-2023.03-SP2//etc/uvm-1.1/src/uvm_macros.svh'.
Parsing included file '/apps/vcsmx/vcs/U-2023.03-SP2//etc/uvm-1.1/src/macros/uvm_deprecated_defines.svh'.
Back to file '/apps/vcsmx/vcs/U-2023.03-SP2//etc/uvm-1.1/src/uvm_macros.svh'.
Back to file '/apps/vcsmx/vcs/U-2023.03-SP2//etc/uvm-1.1/src/uvm_pkg.sv'.
Parsing included file '/apps/vcsmx/vcs/U-2023.03-SP2//etc/uvm-1.1/src/dpi/uvm_dpi.svh'.
Parsing included file '/apps/vcsmx/vcs/U-2023.03-SP2//etc/uvm-1.1/src/dpi/uvm_hdl.svh'.
Back to file '/apps/vcsmx/vcs/U-2023.03-SP2//etc/uvm-1.1/src/dpi/uvm_dpi.svh'.
Parsing included file '/apps/vcsmx/vcs/U-2023.03-SP2//etc/uvm-1.1/src/dpi/uvm_svcmd_dpi.svh'.
Back to file '/apps/vcsmx/vcs/U-2023.03-SP2//etc/uvm-1.1/src/dpi/uvm_dpi.svh'.
Parsing included file '/apps/vcsmx/vcs/U-2023.03-SP2//etc/uvm-1.1/src/dpi/uvm_regex.svh'.
Back to file '/apps/vcsmx/vcs/U-2023.03-SP2//etc/uvm-1.1/src/dpi/uvm_dpi.svh'.
Back to file '/apps/vcsmx/vcs/U-2023.03-SP2//etc/uvm-1.1/src/uvm_pkg.sv'.
Parsing included file '/apps/vcsmx/vcs/U-2023.03-SP2//etc/uvm-1.1/src/base/uvm_base.svh'.
Parsing included file '/apps/vcsmx/vcs/U-2023.03-SP2//etc/uvm-1.1/src/base/uvm_version.svh'.
Back to file '/apps/vcsmx/vcs/U-2023.03-SP2//etc/uvm-1.1/src/base/uvm_base.svh'.
Parsing included file '/apps/vcsmx/vcs/U-2023.03-SP2//etc/uvm-1.1/src/base/uvm_object_globals.svh'.
Back to file '/apps/vcsmx/vcs/U-2023.03-SP2//etc/uvm-1.1/src/base/uvm_base.svh'.
Parsing included file '/apps/vcsmx/vcs/U-2023.03-SP2//etc/uvm-1.1/src/base/uvm_misc.svh'.
Back to file '/apps/vcsmx/vcs/U-2023.03-SP2//etc/uvm-1.1/src/base/uvm_base.svh'.
Parsing included file '/apps/vcsmx/vcs/U-2023.03-SP2//etc/uvm-1.1/src/base/uvm_object.svh'.
Back to file '/apps/vcsmx/vcs/U-2023.03-SP2//etc/uvm-1.1/src/base/uvm_base.svh'.
Parsing included file '/apps/vcsmx/vcs/U-2023.03-SP2//etc/uvm-1.1/src/base/uvm_pool.svh'.
Back to file '/apps/vcsmx/vcs/U-2023.03-SP2//etc/uvm-1.1/src/base/uvm_base.svh'.
Parsing included file '/apps/vcsmx/vcs/U-2023.03-SP2//etc/uvm-1.1/src/base/uvm_queue.svh'.
Back to file '/apps/vcsmx/vcs/U-2023.03-SP2//etc/uvm-1.1/src/base/uvm_base.svh'.
Parsing included file '/apps/vcsmx/vcs/U-2023.03-SP2//etc/uvm-1.1/src/base/uvm_factory.svh'.
Back to file '/apps/vcsmx/vcs/U-2023.03-SP2//etc/uvm-1.1/src/base/uvm_base.svh'.
Parsing included file '/apps/vcsmx/vcs/U-2023.03-SP2//etc/uvm-1.1/src/base/uvm_registry.svh'.
Back to file '/apps/vcsmx/vcs/U-2023.03-SP2//etc/uvm-1.1/src/base/uvm_base.svh'.
Parsing included file '/apps/vcsmx/vcs/U-2023.03-SP2//etc/uvm-1.1/src/base/uvm_spell_chkr.svh'.
Back to file '/apps/vcsmx/vcs/U-2023.03-SP2//etc/uvm-1.1/src/base/uvm_base.svh'.
Parsing included file '/apps/vcsmx/vcs/U-2023.03-SP2//etc/uvm-1.1/src/base/uvm_resource.svh'.
Back to file '/apps/vcsmx/vcs/U-2023.03-SP2//etc/uvm-1.1/src/base/uvm_base.svh'.
Parsing included file '/apps/vcsmx/vcs/U-2023.03-SP2//etc/uvm-1.1/src/deprecated/uvm_resource_converter.svh'.
Back to file '/apps/vcsmx/vcs/U-2023.03-SP2//etc/uvm-1.1/src/base/uvm_base.svh'.
Parsing included file '/apps/vcsmx/vcs/U-2023.03-SP2//etc/uvm-1.1/src/base/uvm_resource_specializations.svh'.
Back to file '/apps/vcsmx/vcs/U-2023.03-SP2//etc/uvm-1.1/src/base/uvm_base.svh'.
Parsing included file '/apps/vcsmx/vcs/U-2023.03-SP2//etc/uvm-1.1/src/base/uvm_resource_db.svh'.
Back to file '/apps/vcsmx/vcs/U-2023.03-SP2//etc/uvm-1.1/src/base/uvm_base.svh'.
Parsing included file '/apps/vcsmx/vcs/U-2023.03-SP2//etc/uvm-1.1/src/base/uvm_config_db.svh'.
Back to file '/apps/vcsmx/vcs/U-2023.03-SP2//etc/uvm-1.1/src/base/uvm_base.svh'.
Parsing included file '/apps/vcsmx/vcs/U-2023.03-SP2//etc/uvm-1.1/src/base/uvm_printer.svh'.
Back to file '/apps/vcsmx/vcs/U-2023.03-SP2//etc/uvm-1.1/src/base/uvm_base.svh'.
Parsing included file '/apps/vcsmx/vcs/U-2023.03-SP2//etc/uvm-1.1/src/base/uvm_comparer.svh'.
Back to file '/apps/vcsmx/vcs/U-2023.03-SP2//etc/uvm-1.1/src/base/uvm_base.svh'.
Parsing included file '/apps/vcsmx/vcs/U-2023.03-SP2//etc/uvm-1.1/src/base/uvm_packer.svh'.
Back to file '/apps/vcsmx/vcs/U-2023.03-SP2//etc/uvm-1.1/src/base/uvm_base.svh'.
Parsing included file '/apps/vcsmx/vcs/U-2023.03-SP2//etc/uvm-1.1/src/base/uvm_recorder.svh'.
Back to file '/apps/vcsmx/vcs/U-2023.03-SP2//etc/uvm-1.1/src/base/uvm_base.svh'.
Parsing included file '/apps/vcsmx/vcs/U-2023.03-SP2//etc/uvm-1.1/src/base/uvm_event_callback.svh'.
Back to file '/apps/vcsmx/vcs/U-2023.03-SP2//etc/uvm-1.1/src/base/uvm_base.svh'.
Parsing included file '/apps/vcsmx/vcs/U-2023.03-SP2//etc/uvm-1.1/src/base/uvm_event.svh'.
Back to file '/apps/vcsmx/vcs/U-2023.03-SP2//etc/uvm-1.1/src/base/uvm_base.svh'.
Parsing included file '/apps/vcsmx/vcs/U-2023.03-SP2//etc/uvm-1.1/src/base/uvm_barrier.svh'.
Back to file '/apps/vcsmx/vcs/U-2023.03-SP2//etc/uvm-1.1/src/base/uvm_base.svh'.
Parsing included file '/apps/vcsmx/vcs/U-2023.03-SP2//etc/uvm-1.1/src/base/uvm_callback.svh'.
Parsing included file '/apps/vcsmx/vcs/U-2023.03-SP2//etc/uvm-1.1/src/uvm_macros.svh'.
Back to file '/apps/vcsmx/vcs/U-2023.03-SP2//etc/uvm-1.1/src/base/uvm_callback.svh'.
Back to file '/apps/vcsmx/vcs/U-2023.03-SP2//etc/uvm-1.1/src/base/uvm_base.svh'.
Parsing included file '/apps/vcsmx/vcs/U-2023.03-SP2//etc/uvm-1.1/src/base/uvm_report_catcher.svh'.
Back to file '/apps/vcsmx/vcs/U-2023.03-SP2//etc/uvm-1.1/src/base/uvm_base.svh'.
Parsing included file '/apps/vcsmx/vcs/U-2023.03-SP2//etc/uvm-1.1/src/base/uvm_report_server.svh'.
Back to file '/apps/vcsmx/vcs/U-2023.03-SP2//etc/uvm-1.1/src/base/uvm_base.svh'.
Parsing included file '/apps/vcsmx/vcs/U-2023.03-SP2//etc/uvm-1.1/src/base/uvm_report_handler.svh'.
Back to file '/apps/vcsmx/vcs/U-2023.03-SP2//etc/uvm-1.1/src/base/uvm_base.svh'.
Parsing included file '/apps/vcsmx/vcs/U-2023.03-SP2//etc/uvm-1.1/src/base/uvm_report_object.svh'.
Back to file '/apps/vcsmx/vcs/U-2023.03-SP2//etc/uvm-1.1/src/base/uvm_base.svh'.
Parsing included file '/apps/vcsmx/vcs/U-2023.03-SP2//etc/uvm-1.1/src/base/uvm_transaction.svh'.
Back to file '/apps/vcsmx/vcs/U-2023.03-SP2//etc/uvm-1.1/src/base/uvm_base.svh'.
Parsing included file '/apps/vcsmx/vcs/U-2023.03-SP2//etc/uvm-1.1/src/base/uvm_phase.svh'.
Back to file '/apps/vcsmx/vcs/U-2023.03-SP2//etc/uvm-1.1/src/base/uvm_base.svh'.
Parsing included file '/apps/vcsmx/vcs/U-2023.03-SP2//etc/uvm-1.1/src/base/uvm_domain.svh'.
Back to file '/apps/vcsmx/vcs/U-2023.03-SP2//etc/uvm-1.1/src/base/uvm_base.svh'.
Parsing included file '/apps/vcsmx/vcs/U-2023.03-SP2//etc/uvm-1.1/src/base/uvm_bottomup_phase.svh'.
Back to file '/apps/vcsmx/vcs/U-2023.03-SP2//etc/uvm-1.1/src/base/uvm_base.svh'.
Parsing included file '/apps/vcsmx/vcs/U-2023.03-SP2//etc/uvm-1.1/src/base/uvm_topdown_phase.svh'.
Back to file '/apps/vcsmx/vcs/U-2023.03-SP2//etc/uvm-1.1/src/base/uvm_base.svh'.
Parsing included file '/apps/vcsmx/vcs/U-2023.03-SP2//etc/uvm-1.1/src/base/uvm_task_phase.svh'.
Back to file '/apps/vcsmx/vcs/U-2023.03-SP2//etc/uvm-1.1/src/base/uvm_base.svh'.
Parsing included file '/apps/vcsmx/vcs/U-2023.03-SP2//etc/uvm-1.1/src/base/uvm_common_phases.svh'.
Back to file '/apps/vcsmx/vcs/U-2023.03-SP2//etc/uvm-1.1/src/base/uvm_base.svh'.
Parsing included file '/apps/vcsmx/vcs/U-2023.03-SP2//etc/uvm-1.1/src/base/uvm_runtime_phases.svh'.
Back to file '/apps/vcsmx/vcs/U-2023.03-SP2//etc/uvm-1.1/src/base/uvm_base.svh'.
Parsing included file '/apps/vcsmx/vcs/U-2023.03-SP2//etc/uvm-1.1/src/base/uvm_component.svh'.
Parsing included file '/apps/vcsmx/vcs/U-2023.03-SP2//etc/uvm-1.1/src/base/uvm_root.svh'.
Back to file '/apps/vcsmx/vcs/U-2023.03-SP2//etc/uvm-1.1/src/base/uvm_component.svh'.
Back to file '/apps/vcsmx/vcs/U-2023.03-SP2//etc/uvm-1.1/src/base/uvm_base.svh'.
Parsing included file '/apps/vcsmx/vcs/U-2023.03-SP2//etc/uvm-1.1/src/base/uvm_objection.svh'.
Back to file '/apps/vcsmx/vcs/U-2023.03-SP2//etc/uvm-1.1/src/base/uvm_base.svh'.
Parsing included file '/apps/vcsmx/vcs/U-2023.03-SP2//etc/uvm-1.1/src/base/uvm_heartbeat.svh'.
Back to file '/apps/vcsmx/vcs/U-2023.03-SP2//etc/uvm-1.1/src/base/uvm_base.svh'.
Parsing included file '/apps/vcsmx/vcs/U-2023.03-SP2//etc/uvm-1.1/src/base/uvm_globals.svh'.
Back to file '/apps/vcsmx/vcs/U-2023.03-SP2//etc/uvm-1.1/src/base/uvm_base.svh'.
Parsing included file '/apps/vcsmx/vcs/U-2023.03-SP2//etc/uvm-1.1/src/base/uvm_cmdline_processor.svh'.
Back to file '/apps/vcsmx/vcs/U-2023.03-SP2//etc/uvm-1.1/src/base/uvm_base.svh'.
Back to file '/apps/vcsmx/vcs/U-2023.03-SP2//etc/uvm-1.1/src/uvm_pkg.sv'.
Parsing included file '/apps/vcsmx/vcs/U-2023.03-SP2//etc/uvm-1.1/src/tlm1/uvm_tlm.svh'.
Parsing included file '/apps/vcsmx/vcs/U-2023.03-SP2//etc/uvm-1.1/src/tlm1/uvm_tlm_ifs.svh'.
Back to file '/apps/vcsmx/vcs/U-2023.03-SP2//etc/uvm-1.1/src/tlm1/uvm_tlm.svh'.
Parsing included file '/apps/vcsmx/vcs/U-2023.03-SP2//etc/uvm-1.1/src/tlm1/uvm_sqr_ifs.svh'.
Back to file '/apps/vcsmx/vcs/U-2023.03-SP2//etc/uvm-1.1/src/tlm1/uvm_tlm.svh'.
Parsing included file '/apps/vcsmx/vcs/U-2023.03-SP2//etc/uvm-1.1/src/base/uvm_port_base.svh'.
Back to file '/apps/vcsmx/vcs/U-2023.03-SP2//etc/uvm-1.1/src/tlm1/uvm_tlm.svh'.
Parsing included file '/apps/vcsmx/vcs/U-2023.03-SP2//etc/uvm-1.1/src/tlm1/uvm_tlm_imps.svh'.
Back to file '/apps/vcsmx/vcs/U-2023.03-SP2//etc/uvm-1.1/src/tlm1/uvm_tlm.svh'.
Parsing included file '/apps/vcsmx/vcs/U-2023.03-SP2//etc/uvm-1.1/src/tlm1/uvm_imps.svh'.
Back to file '/apps/vcsmx/vcs/U-2023.03-SP2//etc/uvm-1.1/src/tlm1/uvm_tlm.svh'.
Parsing included file '/apps/vcsmx/vcs/U-2023.03-SP2//etc/uvm-1.1/src/tlm1/uvm_ports.svh'.
Back to file '/apps/vcsmx/vcs/U-2023.03-SP2//etc/uvm-1.1/src/tlm1/uvm_tlm.svh'.
Parsing included file '/apps/vcsmx/vcs/U-2023.03-SP2//etc/uvm-1.1/src/tlm1/uvm_exports.svh'.
Back to file '/apps/vcsmx/vcs/U-2023.03-SP2//etc/uvm-1.1/src/tlm1/uvm_tlm.svh'.
Parsing included file '/apps/vcsmx/vcs/U-2023.03-SP2//etc/uvm-1.1/src/tlm1/uvm_analysis_port.svh'.
Back to file '/apps/vcsmx/vcs/U-2023.03-SP2//etc/uvm-1.1/src/tlm1/uvm_tlm.svh'.
Parsing included file '/apps/vcsmx/vcs/U-2023.03-SP2//etc/uvm-1.1/src/tlm1/uvm_tlm_fifo_base.svh'.
Back to file '/apps/vcsmx/vcs/U-2023.03-SP2//etc/uvm-1.1/src/tlm1/uvm_tlm.svh'.
Parsing included file '/apps/vcsmx/vcs/U-2023.03-SP2//etc/uvm-1.1/src/tlm1/uvm_tlm_fifos.svh'.
Back to file '/apps/vcsmx/vcs/U-2023.03-SP2//etc/uvm-1.1/src/tlm1/uvm_tlm.svh'.
Parsing included file '/apps/vcsmx/vcs/U-2023.03-SP2//etc/uvm-1.1/src/tlm1/uvm_tlm_req_rsp.svh'.
Back to file '/apps/vcsmx/vcs/U-2023.03-SP2//etc/uvm-1.1/src/tlm1/uvm_tlm.svh'.
Parsing included file '/apps/vcsmx/vcs/U-2023.03-SP2//etc/uvm-1.1/src/tlm1/uvm_sqr_connections.svh'.
Back to file '/apps/vcsmx/vcs/U-2023.03-SP2//etc/uvm-1.1/src/tlm1/uvm_tlm.svh'.
Back to file '/apps/vcsmx/vcs/U-2023.03-SP2//etc/uvm-1.1/src/uvm_pkg.sv'.
Parsing included file '/apps/vcsmx/vcs/U-2023.03-SP2//etc/uvm-1.1/src/comps/uvm_comps.svh'.
Parsing included file '/apps/vcsmx/vcs/U-2023.03-SP2//etc/uvm-1.1/src/comps/uvm_pair.svh'.
Back to file '/apps/vcsmx/vcs/U-2023.03-SP2//etc/uvm-1.1/src/comps/uvm_comps.svh'.
Parsing included file '/apps/vcsmx/vcs/U-2023.03-SP2//etc/uvm-1.1/src/comps/uvm_policies.svh'.
Back to file '/apps/vcsmx/vcs/U-2023.03-SP2//etc/uvm-1.1/src/comps/uvm_comps.svh'.
Parsing included file '/apps/vcsmx/vcs/U-2023.03-SP2//etc/uvm-1.1/src/comps/uvm_in_order_comparator.svh'.
Back to file '/apps/vcsmx/vcs/U-2023.03-SP2//etc/uvm-1.1/src/comps/uvm_comps.svh'.
Parsing included file '/apps/vcsmx/vcs/U-2023.03-SP2//etc/uvm-1.1/src/comps/uvm_algorithmic_comparator.svh'.
Back to file '/apps/vcsmx/vcs/U-2023.03-SP2//etc/uvm-1.1/src/comps/uvm_comps.svh'.
Parsing included file '/apps/vcsmx/vcs/U-2023.03-SP2//etc/uvm-1.1/src/comps/uvm_random_stimulus.svh'.
Back to file '/apps/vcsmx/vcs/U-2023.03-SP2//etc/uvm-1.1/src/comps/uvm_comps.svh'.
Parsing included file '/apps/vcsmx/vcs/U-2023.03-SP2//etc/uvm-1.1/src/comps/uvm_subscriber.svh'.
Back to file '/apps/vcsmx/vcs/U-2023.03-SP2//etc/uvm-1.1/src/comps/uvm_comps.svh'.
Parsing included file '/apps/vcsmx/vcs/U-2023.03-SP2//etc/uvm-1.1/src/comps/uvm_monitor.svh'.
Back to file '/apps/vcsmx/vcs/U-2023.03-SP2//etc/uvm-1.1/src/comps/uvm_comps.svh'.
Parsing included file '/apps/vcsmx/vcs/U-2023.03-SP2//etc/uvm-1.1/src/comps/uvm_driver.svh'.
Back to file '/apps/vcsmx/vcs/U-2023.03-SP2//etc/uvm-1.1/src/comps/uvm_comps.svh'.
Parsing included file '/apps/vcsmx/vcs/U-2023.03-SP2//etc/uvm-1.1/src/comps/uvm_push_driver.svh'.
Back to file '/apps/vcsmx/vcs/U-2023.03-SP2//etc/uvm-1.1/src/comps/uvm_comps.svh'.
Parsing included file '/apps/vcsmx/vcs/U-2023.03-SP2//etc/uvm-1.1/src/comps/uvm_scoreboard.svh'.
Back to file '/apps/vcsmx/vcs/U-2023.03-SP2//etc/uvm-1.1/src/comps/uvm_comps.svh'.
Parsing included file '/apps/vcsmx/vcs/U-2023.03-SP2//etc/uvm-1.1/src/comps/uvm_agent.svh'.
Back to file '/apps/vcsmx/vcs/U-2023.03-SP2//etc/uvm-1.1/src/comps/uvm_comps.svh'.
Parsing included file '/apps/vcsmx/vcs/U-2023.03-SP2//etc/uvm-1.1/src/comps/uvm_env.svh'.
Back to file '/apps/vcsmx/vcs/U-2023.03-SP2//etc/uvm-1.1/src/comps/uvm_comps.svh'.
Parsing included file '/apps/vcsmx/vcs/U-2023.03-SP2//etc/uvm-1.1/src/comps/uvm_test.svh'.
Back to file '/apps/vcsmx/vcs/U-2023.03-SP2//etc/uvm-1.1/src/comps/uvm_comps.svh'.
Back to file '/apps/vcsmx/vcs/U-2023.03-SP2//etc/uvm-1.1/src/uvm_pkg.sv'.
Parsing included file '/apps/vcsmx/vcs/U-2023.03-SP2//etc/uvm-1.1/src/seq/uvm_seq.svh'.
Parsing included file '/apps/vcsmx/vcs/U-2023.03-SP2//etc/uvm-1.1/src/seq/uvm_sequence_item.svh'.
Back to file '/apps/vcsmx/vcs/U-2023.03-SP2//etc/uvm-1.1/src/seq/uvm_seq.svh'.
Parsing included file '/apps/vcsmx/vcs/U-2023.03-SP2//etc/uvm-1.1/src/seq/uvm_sequencer_base.svh'.
Back to file '/apps/vcsmx/vcs/U-2023.03-SP2//etc/uvm-1.1/src/seq/uvm_seq.svh'.
Parsing included file '/apps/vcsmx/vcs/U-2023.03-SP2//etc/uvm-1.1/src/seq/uvm_sequencer_analysis_fifo.svh'.
Back to file '/apps/vcsmx/vcs/U-2023.03-SP2//etc/uvm-1.1/src/seq/uvm_seq.svh'.
Parsing included file '/apps/vcsmx/vcs/U-2023.03-SP2//etc/uvm-1.1/src/seq/uvm_sequencer_param_base.svh'.
Back to file '/apps/vcsmx/vcs/U-2023.03-SP2//etc/uvm-1.1/src/seq/uvm_seq.svh'.
Parsing included file '/apps/vcsmx/vcs/U-2023.03-SP2//etc/uvm-1.1/src/seq/uvm_sequencer.svh'.
Back to file '/apps/vcsmx/vcs/U-2023.03-SP2//etc/uvm-1.1/src/seq/uvm_seq.svh'.
Parsing included file '/apps/vcsmx/vcs/U-2023.03-SP2//etc/uvm-1.1/src/seq/uvm_push_sequencer.svh'.
Back to file '/apps/vcsmx/vcs/U-2023.03-SP2//etc/uvm-1.1/src/seq/uvm_seq.svh'.
Parsing included file '/apps/vcsmx/vcs/U-2023.03-SP2//etc/uvm-1.1/src/seq/uvm_sequence_base.svh'.
Back to file '/apps/vcsmx/vcs/U-2023.03-SP2//etc/uvm-1.1/src/seq/uvm_seq.svh'.
Parsing included file '/apps/vcsmx/vcs/U-2023.03-SP2//etc/uvm-1.1/src/seq/uvm_sequence.svh'.
Back to file '/apps/vcsmx/vcs/U-2023.03-SP2//etc/uvm-1.1/src/seq/uvm_seq.svh'.
Parsing included file '/apps/vcsmx/vcs/U-2023.03-SP2//etc/uvm-1.1/src/seq/uvm_sequence_library.svh'.
Back to file '/apps/vcsmx/vcs/U-2023.03-SP2//etc/uvm-1.1/src/seq/uvm_seq.svh'.
Parsing included file '/apps/vcsmx/vcs/U-2023.03-SP2//etc/uvm-1.1/src/seq/uvm_sequence_builtin.svh'.
Back to file '/apps/vcsmx/vcs/U-2023.03-SP2//etc/uvm-1.1/src/seq/uvm_seq.svh'.
Back to file '/apps/vcsmx/vcs/U-2023.03-SP2//etc/uvm-1.1/src/uvm_pkg.sv'.
Parsing included file '/apps/vcsmx/vcs/U-2023.03-SP2//etc/uvm-1.1/src/tlm2/uvm_tlm2.svh'.
Parsing included file '/apps/vcsmx/vcs/U-2023.03-SP2//etc/uvm-1.1/src/tlm2/uvm_tlm2_defines.svh'.
Back to file '/apps/vcsmx/vcs/U-2023.03-SP2//etc/uvm-1.1/src/tlm2/uvm_tlm2.svh'.
Parsing included file '/apps/vcsmx/vcs/U-2023.03-SP2//etc/uvm-1.1/src/tlm2/uvm_tlm2_time.svh'.
Back to file '/apps/vcsmx/vcs/U-2023.03-SP2//etc/uvm-1.1/src/tlm2/uvm_tlm2.svh'.
Parsing included file '/apps/vcsmx/vcs/U-2023.03-SP2//etc/uvm-1.1/src/tlm2/uvm_tlm2_generic_payload.svh'.
Back to file '/apps/vcsmx/vcs/U-2023.03-SP2//etc/uvm-1.1/src/tlm2/uvm_tlm2.svh'.
Parsing included file '/apps/vcsmx/vcs/U-2023.03-SP2//etc/uvm-1.1/src/tlm2/uvm_tlm2_ifs.svh'.
Back to file '/apps/vcsmx/vcs/U-2023.03-SP2//etc/uvm-1.1/src/tlm2/uvm_tlm2.svh'.
Parsing included file '/apps/vcsmx/vcs/U-2023.03-SP2//etc/uvm-1.1/src/tlm2/uvm_tlm2_imps.svh'.
Back to file '/apps/vcsmx/vcs/U-2023.03-SP2//etc/uvm-1.1/src/tlm2/uvm_tlm2.svh'.
Parsing included file '/apps/vcsmx/vcs/U-2023.03-SP2//etc/uvm-1.1/src/tlm2/uvm_tlm2_ports.svh'.
Back to file '/apps/vcsmx/vcs/U-2023.03-SP2//etc/uvm-1.1/src/tlm2/uvm_tlm2.svh'.
Parsing included file '/apps/vcsmx/vcs/U-2023.03-SP2//etc/uvm-1.1/src/tlm2/uvm_tlm2_exports.svh'.
Back to file '/apps/vcsmx/vcs/U-2023.03-SP2//etc/uvm-1.1/src/tlm2/uvm_tlm2.svh'.
Parsing included file '/apps/vcsmx/vcs/U-2023.03-SP2//etc/uvm-1.1/src/tlm2/uvm_tlm2_sockets_base.svh'.
Back to file '/apps/vcsmx/vcs/U-2023.03-SP2//etc/uvm-1.1/src/tlm2/uvm_tlm2.svh'.
Parsing included file '/apps/vcsmx/vcs/U-2023.03-SP2//etc/uvm-1.1/src/tlm2/uvm_tlm2_sockets.svh'.
Back to file '/apps/vcsmx/vcs/U-2023.03-SP2//etc/uvm-1.1/src/tlm2/uvm_tlm2.svh'.
Back to file '/apps/vcsmx/vcs/U-2023.03-SP2//etc/uvm-1.1/src/uvm_pkg.sv'.
Parsing included file '/apps/vcsmx/vcs/U-2023.03-SP2//etc/uvm-1.1/src/reg/uvm_reg_model.svh'.
Parsing included file '/apps/vcsmx/vcs/U-2023.03-SP2//etc/uvm-1.1/src/reg/uvm_reg_item.svh'.
Back to file '/apps/vcsmx/vcs/U-2023.03-SP2//etc/uvm-1.1/src/reg/uvm_reg_model.svh'.
Parsing included file '/apps/vcsmx/vcs/U-2023.03-SP2//etc/uvm-1.1/src/reg/uvm_reg_adapter.svh'.
Back to file '/apps/vcsmx/vcs/U-2023.03-SP2//etc/uvm-1.1/src/reg/uvm_reg_model.svh'.
Parsing included file '/apps/vcsmx/vcs/U-2023.03-SP2//etc/uvm-1.1/src/reg/uvm_reg_predictor.svh'.
Back to file '/apps/vcsmx/vcs/U-2023.03-SP2//etc/uvm-1.1/src/reg/uvm_reg_model.svh'.
Parsing included file '/apps/vcsmx/vcs/U-2023.03-SP2//etc/uvm-1.1/src/reg/uvm_reg_sequence.svh'.
Back to file '/apps/vcsmx/vcs/U-2023.03-SP2//etc/uvm-1.1/src/reg/uvm_reg_model.svh'.
Parsing included file '/apps/vcsmx/vcs/U-2023.03-SP2//etc/uvm-1.1/src/reg/uvm_reg_cbs.svh'.
Back to file '/apps/vcsmx/vcs/U-2023.03-SP2//etc/uvm-1.1/src/reg/uvm_reg_model.svh'.
Parsing included file '/apps/vcsmx/vcs/U-2023.03-SP2//etc/uvm-1.1/src/reg/uvm_reg_backdoor.svh'.
Back to file '/apps/vcsmx/vcs/U-2023.03-SP2//etc/uvm-1.1/src/reg/uvm_reg_model.svh'.
Parsing included file '/apps/vcsmx/vcs/U-2023.03-SP2//etc/uvm-1.1/src/reg/uvm_reg_field.svh'.
Back to file '/apps/vcsmx/vcs/U-2023.03-SP2//etc/uvm-1.1/src/reg/uvm_reg_model.svh'.
Parsing included file '/apps/vcsmx/vcs/U-2023.03-SP2//etc/uvm-1.1/src/reg/uvm_vreg_field.svh'.
Back to file '/apps/vcsmx/vcs/U-2023.03-SP2//etc/uvm-1.1/src/reg/uvm_reg_model.svh'.
Parsing included file '/apps/vcsmx/vcs/U-2023.03-SP2//etc/uvm-1.1/src/reg/uvm_reg.svh'.
Back to file '/apps/vcsmx/vcs/U-2023.03-SP2//etc/uvm-1.1/src/reg/uvm_reg_model.svh'.
Parsing included file '/apps/vcsmx/vcs/U-2023.03-SP2//etc/uvm-1.1/src/reg/uvm_reg_indirect.svh'.
Back to file '/apps/vcsmx/vcs/U-2023.03-SP2//etc/uvm-1.1/src/reg/uvm_reg_model.svh'.
Parsing included file '/apps/vcsmx/vcs/U-2023.03-SP2//etc/uvm-1.1/src/reg/uvm_reg_fifo.svh'.
Back to file '/apps/vcsmx/vcs/U-2023.03-SP2//etc/uvm-1.1/src/reg/uvm_reg_model.svh'.
Parsing included file '/apps/vcsmx/vcs/U-2023.03-SP2//etc/uvm-1.1/src/reg/uvm_reg_file.svh'.
Back to file '/apps/vcsmx/vcs/U-2023.03-SP2//etc/uvm-1.1/src/reg/uvm_reg_model.svh'.
Parsing included file '/apps/vcsmx/vcs/U-2023.03-SP2//etc/uvm-1.1/src/reg/uvm_mem_mam.svh'.
Back to file '/apps/vcsmx/vcs/U-2023.03-SP2//etc/uvm-1.1/src/reg/uvm_reg_model.svh'.
Parsing included file '/apps/vcsmx/vcs/U-2023.03-SP2//etc/uvm-1.1/src/reg/uvm_vreg.svh'.
Back to file '/apps/vcsmx/vcs/U-2023.03-SP2//etc/uvm-1.1/src/reg/uvm_reg_model.svh'.
Parsing included file '/apps/vcsmx/vcs/U-2023.03-SP2//etc/uvm-1.1/src/reg/uvm_mem.svh'.
Back to file '/apps/vcsmx/vcs/U-2023.03-SP2//etc/uvm-1.1/src/reg/uvm_reg_model.svh'.
Parsing included file '/apps/vcsmx/vcs/U-2023.03-SP2//etc/uvm-1.1/src/reg/uvm_reg_map.svh'.
Back to file '/apps/vcsmx/vcs/U-2023.03-SP2//etc/uvm-1.1/src/reg/uvm_reg_model.svh'.
Parsing included file '/apps/vcsmx/vcs/U-2023.03-SP2//etc/uvm-1.1/src/reg/uvm_reg_block.svh'.
Back to file '/apps/vcsmx/vcs/U-2023.03-SP2//etc/uvm-1.1/src/reg/uvm_reg_model.svh'.
Parsing included file '/apps/vcsmx/vcs/U-2023.03-SP2//etc/uvm-1.1/src/reg/sequences/uvm_reg_hw_reset_seq.svh'.
Back to file '/apps/vcsmx/vcs/U-2023.03-SP2//etc/uvm-1.1/src/reg/uvm_reg_model.svh'.
Parsing included file '/apps/vcsmx/vcs/U-2023.03-SP2//etc/uvm-1.1/src/reg/sequences/uvm_reg_bit_bash_seq.svh'.
Back to file '/apps/vcsmx/vcs/U-2023.03-SP2//etc/uvm-1.1/src/reg/uvm_reg_model.svh'.
Parsing included file '/apps/vcsmx/vcs/U-2023.03-SP2//etc/uvm-1.1/src/reg/sequences/uvm_mem_walk_seq.svh'.
Back to file '/apps/vcsmx/vcs/U-2023.03-SP2//etc/uvm-1.1/src/reg/uvm_reg_model.svh'.
Parsing included file '/apps/vcsmx/vcs/U-2023.03-SP2//etc/uvm-1.1/src/reg/sequences/uvm_mem_access_seq.svh'.
Back to file '/apps/vcsmx/vcs/U-2023.03-SP2//etc/uvm-1.1/src/reg/uvm_reg_model.svh'.
Parsing included file '/apps/vcsmx/vcs/U-2023.03-SP2//etc/uvm-1.1/src/reg/sequences/uvm_reg_access_seq.svh'.
Back to file '/apps/vcsmx/vcs/U-2023.03-SP2//etc/uvm-1.1/src/reg/uvm_reg_model.svh'.
Parsing included file '/apps/vcsmx/vcs/U-2023.03-SP2//etc/uvm-1.1/src/reg/sequences/uvm_reg_mem_shared_access_seq.svh'.
Back to file '/apps/vcsmx/vcs/U-2023.03-SP2//etc/uvm-1.1/src/reg/uvm_reg_model.svh'.
Parsing included file '/apps/vcsmx/vcs/U-2023.03-SP2//etc/uvm-1.1/src/reg/sequences/uvm_reg_mem_built_in_seq.svh'.
Back to file '/apps/vcsmx/vcs/U-2023.03-SP2//etc/uvm-1.1/src/reg/uvm_reg_model.svh'.
Parsing included file '/apps/vcsmx/vcs/U-2023.03-SP2//etc/uvm-1.1/src/reg/sequences/uvm_reg_mem_hdl_paths_seq.svh'.
Back to file '/apps/vcsmx/vcs/U-2023.03-SP2//etc/uvm-1.1/src/reg/uvm_reg_model.svh'.
Parsing included file '/apps/vcsmx/vcs/U-2023.03-SP2//etc/uvm-1.1/src/reg/snps_uvm_reg_bank.svh'.
Back to file '/apps/vcsmx/vcs/U-2023.03-SP2//etc/uvm-1.1/src/reg/uvm_reg_model.svh'.
Back to file '/apps/vcsmx/vcs/U-2023.03-SP2//etc/uvm-1.1/src/uvm_pkg.sv'.
Parsing included file '/apps/vcsmx/vcs/U-2023.03-SP2//etc/uvm-1.1/src/vcs/vcs_uvm_alt.sv'.
Back to file '/apps/vcsmx/vcs/U-2023.03-SP2//etc/uvm-1.1/src/uvm_pkg.sv'.
Back to file '/apps/vcsmx/vcs/U-2023.03-SP2//etc/uvm-1.1/src/uvm.sv'.
Parsing included file '/apps/vcsmx/vcs/U-2023.03-SP2//etc/uvm-1.1/src/vcs/snps_reg.svh'.
Back to file '/apps/vcsmx/vcs/U-2023.03-SP2//etc/uvm-1.1/src/uvm.sv'.
Parsing design file 'design.sv'
Parsing design file 'testbench.sv'
Top Level Modules:
       dut
       top
TimeScale is 1 ns / 1 ns

Warning-[SV-NFIVC] Non-void Function Used In Void Context
testbench.sv, 56
$unit, "req.print_all"
  The non-void function 'DataPcie::print_all' is used as a void function. 
  Hence the value returned by the function will be ignored.
  Please cast the function call with void in case the value returned by the 
  function is not needed.


Warning-[SV-NFIVC] Non-void Function Used In Void Context
testbench.sv, 65
$unit, "req.print_all"
  The non-void function 'DataPcie::print_all' is used as a void function. 
  Hence the value returned by the function will be ignored.
  Please cast the function call with void in case the value returned by the 
  function is not needed.


Warning-[SV-NFIVC] Non-void Function Used In Void Context
testbench.sv, 72
$unit, "req.print_all"
  The non-void function 'DataPcie::print_all' is used as a void function. 
  Hence the value returned by the function will be ignored.
  Please cast the function call with void in case the value returned by the 
  function is not needed.


Warning-[SV-ANDNMD] Argument names do not match
testbench.sv, 210
uvm_pkg, "datain"
  The argument name 'datain' for class method 
  'uvm_subscriber#($unit::DataPcie)::write' in the derived class does not 
  match argument 't' for class method in the base class at: 
  "/apps/vcsmx/vcs/U-2023.03-SP2//etc/uvm-1.1/src/comps/uvm_subscriber.svh", 
  64.
  Please check and correct the argument names.


Warning-[SV-ICHU] Illegal class handle usage
/apps/vcsmx/vcs/U-2023.03-SP2//etc/uvm-1.1/src/vcs/snps_reg.svh, 180
$unit
  Illegal '!' operator on class handle 'rg'.
  As per LRM(P1800-2009), section 8.4. only ==, !=, ===, !== and conditional 
  operator are allowed operators on class handles.
  Source Expression: (!rg)


Warning-[SV-ICHU] Illegal class handle usage
/apps/vcsmx/vcs/U-2023.03-SP2//etc/uvm-1.1/src/vcs/snps_reg.svh, 247
$unit
  Illegal '!' operator on class handle 'rg'.
  As per LRM(P1800-2009), section 8.4. only ==, !=, ===, !== and conditional 
  operator are allowed operators on class handles.
  Source Expression: (!rg)


Warning-[SV-ICHU] Illegal class handle usage
/apps/vcsmx/vcs/U-2023.03-SP2//etc/uvm-1.1/src/vcs/snps_reg.svh, 165
$unit
  Illegal '!' operator on class handle 'this.m_use_map'.
  As per LRM(P1800-2009), section 8.4. only ==, !=, ===, !== and conditional 
  operator are allowed operators on class handles.
  Source Expression: (!this.m_use_map)


Warning-[SV-ICHU] Illegal class handle usage
/apps/vcsmx/vcs/U-2023.03-SP2//etc/uvm-1.1/src/vcs/snps_reg.svh, 167
$unit
  Illegal '!' operator on class handle 'rg'.
  As per LRM(P1800-2009), section 8.4. only ==, !=, ===, !== and conditional 
  operator are allowed operators on class handles.
  Source Expression: (!rg)


Warning-[SV-ANDNMD] Argument names do not match
testbench.sv, 137
uvm_pkg, "uvm"
  The argument name 'uvm' for class method 'uvm_component::run_phase' in the 
  derived class does not match argument 'phase' for class method in the base 
  class at: 
  "/apps/vcsmx/vcs/U-2023.03-SP2//etc/uvm-1.1/src/base/uvm_component.svh", 
  273.
  Please check and correct the argument names.


Warning-[INTFDV] VCD dumping of interface/program/package
testbench.sv, 305
  Selective VCD dumping of interface 'Vintf' is not supported.  Selective VCD 
  dumping for interfaces, packages and programs is not supported.
  Use full VCD dumping '$dumpvars(0)', or use VPD or FSDB dumping, recompile 
  with '-debug_access'.

Starting vcs inline pass...

6 modules and 0 UDP read.
recompiling package vcs_paramclassrepository
recompiling package _vcs_DPI_package
recompiling package uvm_pkg
recompiling module Vintf
recompiling module dut
recompiling module top
All of 6 modules done
rm -f _cuarc*.so _csrc*.so pre_vcsobj_*.so share_vcsobj_*.so
g++ -w  -pipe -fPIC -DVCS -O -I/apps/vcsmx/vcs/U-2023.03-SP2/include    -c /apps/vcsmx/vcs/U-2023.03-SP2//etc/uvm-1.1/src/dpi/uvm_dpi.cc
gcc  -w  -pipe -fPIC -DVCS -O -I/apps/vcsmx/vcs/U-2023.03-SP2/include    -fPIC -c -o uM9F1_0x2aB.o uM9F1_0x2aB.c
if [ -x ../simv ]; then chmod a-x ../simv; fi
g++  -o ../simv      -rdynamic  -Wl,-rpath='$ORIGIN'/simv.daidir -Wl,-rpath=./simv.daidir -Wl,-rpath=/apps/vcsmx/vcs/U-2023.03-SP2/linux64/lib -L/apps/vcsmx/vcs/U-2023.03-SP2/linux64/lib  -Wl,-rpath-link=./  uvm_dpi.o   objs/amcQw_d.o   _485_archive_1.so   SIM_l.o    uM9F1_0x2aB.o   rmapats_mop.o rmapats.o rmar.o rmar_nd.o  rmar_llvm_0_1.o rmar_llvm_0_0.o            -lvirsim -lerrorinf -lsnpsmalloc -lvfs    -lvcsnew -lsimprofile -luclinative /apps/vcsmx/vcs/U-2023.03-SP2/linux64/lib/vcs_tls.o   -Wl,-whole-archive  -lvcsucli    -Wl,-no-whole-archive       ./../simv.daidir/vc_hdrs.o    /apps/vcsmx/vcs/U-2023.03-SP2/linux64/lib/vcs_save_restore_new.o -ldl  -lc -lm -lpthread -ldl 
../simv up to date
CPU time: 19.365 seconds to compile + .805 seconds to elab + 1.128 seconds to link
Chronologic VCS simulator copyright 1991-2023
Contains Synopsys proprietary information.
Compiler version U-2023.03-SP2_Full64; Runtime version U-2023.03-SP2_Full64;  Jul 28 10:32 2025
----------------------------------------------------------------
UVM-1.1d.Synopsys
(C) 2007-2013 Mentor Graphics Corporation
(C) 2007-2013 Cadence Design Systems, Inc.
(C) 2006-2013 Synopsys, Inc.
(C) 2011-2013 Cypress Semiconductor Corp.
----------------------------------------------------------------

  ***********       IMPORTANT RELEASE NOTES         ************

  You are using a version of the UVM library that has been compiled
  with `UVM_NO_DEPRECATED undefined.
  See http://www.eda.org/svdb/view.php?id=3313 for more details.

  You are using a version of the UVM library that has been compiled
  with `UVM_OBJECT_MUST_HAVE_CONSTRUCTOR undefined.
  See http://www.eda.org/svdb/view.php?id=3770 for more details.

      (Specify +UVM_NO_RELNOTES to turn off this notice)

UVM_INFO testbench.sv(321) @ 0: reporter [Module Top] Started! 
UVM_INFO @ 0: reporter [RNTST] Running test TestPcie...
clk wiggle is 1 

***DATA CREATED*** PCIe cmd_type is 1b, requestor_id is 0000

MonitorPcie cmd_type = xx 

clk wiggle is 0 

clk wiggle is 1 

clk wiggle is 0 

clk wiggle is 1 

clk wiggle is 0 

clk wiggle is 1 

clk wiggle is 0 

clk wiggle is 1 

clk wiggle is 0 

clk wiggle is 1 

clk wiggle is 0 

MonitorPcie cmd_type = 1b 

clk wiggle is 1 

clk wiggle is 0 

clk wiggle is 1 

clk wiggle is 0 

clk wiggle is 1 

clk wiggle is 0 

clk wiggle is 1 

clk wiggle is 0 

clk wiggle is 1 

clk wiggle is 0 

clk wiggle is 1 

***DATA CREATED*** PCIe cmd_type is 04, requestor_id is 0003

MonitorPcie cmd_type = 04 

clk wiggle is 0 

clk wiggle is 1 

clk wiggle is 0 

clk wiggle is 1 

clk wiggle is 0 

clk wiggle is 1 

clk wiggle is 0 

clk wiggle is 1 

clk wiggle is 0 

clk wiggle is 1 

clk wiggle is 0 

***DATA CREATED*** PCIe cmd_type is 17, requestor_id is 0005

clk wiggle is 1 

clk wiggle is 0 

clk wiggle is 1 

clk wiggle is 0 

clk wiggle is 1 

clk wiggle is 0 

clk wiggle is 1 

clk wiggle is 0 

clk wiggle is 1 

clk wiggle is 0 

clk wiggle is 1 

clk wiggle is 0 

UVM_INFO /apps/vcsmx/vcs/U-2023.03-SP2//etc/uvm-1.1/src/base/uvm_objection.svh(1274) @ 1150: reporter [TEST_DONE] 'run' phase is ready to proceed to the 'extract' phase

--- UVM Report Summary ---

** Report counts by severity
UVM_INFO :    3
UVM_WARNING :    0
UVM_ERROR :    0
UVM_FATAL :    0
** Report counts by id
[Module Top]     1
[RNTST]     1
[TEST_DONE]     1
$finish called from file "/apps/vcsmx/vcs/U-2023.03-SP2//etc/uvm-1.1/src/base/uvm_root.svh", line 437.
$finish at simulation time                 1150
           V C S   S i m u l a t i o n   R e p o r t 
Time: 1150 ns
CPU Time:      0.660 seconds;       Data structure size:   0.5Mb
Mon Jul 28 10:32:54 2025
Finding VCD file...
./dump.vcd
[2025-07-28 14:32:54 UTC] Opening EPWave...
Done
